app/build/outputs/logs/manifest-merger-debug-report.txt
-- Merging decision tree log ---
manifest
ADDED from src\main\AndroidManifest.xml:1:1-211:12
	package
		ADDED from src\main\AndroidManifest.xml:2:5-39
		INJECTED from src\main\AndroidManifest.xml
		INJECTED from src\main\AndroidManifest.xml
	android:versionName
		ADDED from src\main\AndroidManifest.xml:4:5-30
		INJECTED from src\main\AndroidManifest.xml
		INJECTED from src\main\AndroidManifest.xml
	android:versionCode
		ADDED from src\main\AndroidManifest.xml:3:5-28
		INJECTED from src\main\AndroidManifest.xml
		INJECTED from src\main\AndroidManifest.xml
	xmlns:android
		ADDED from src\main\AndroidManifest.xml:1:11-69
uses-sdk
ADDED from src\main\AndroidManifest.xml:6:5-8:41
MERGED from [com.android.support:appcompat-v7:25.3.1] AndroidManifest.xml:21:5-23:78
MERGED from [com.android.support:support-v4:25.3.1] AndroidManifest.xml:21:5-23:54
MERGED from [com.android.support:support-fragment:25.3.1] AndroidManifest.xml:21:5-23:60
MERGED from [com.android.support:support-media-compat:25.3.1] AndroidManifest.xml:21:5-23:63
MERGED from [com.android.support:support-core-ui:25.3.1] AndroidManifest.xml:21:5-23:58
MERGED from [com.android.support:support-core-utils:25.3.1] AndroidManifest.xml:21:5-23:61
MERGED from [com.android.support:animated-vector-drawable:25.3.1] AndroidManifest.xml:20:5-44
MERGED from [com.android.support:support-vector-drawable:25.3.1] AndroidManifest.xml:20:5-43
MERGED from [com.android.support:support-compat:25.3.1] AndroidManifest.xml:21:5-23:58
	tools:overrideLibrary
		ADDED from [com.android.support:appcompat-v7:25.3.1] AndroidManifest.xml:23:9-75
	android:targetSdkVersion
		ADDED from src\main\AndroidManifest.xml:8:9-38
		INJECTED from src\main\AndroidManifest.xml
		INJECTED from src\main\AndroidManifest.xml
	android:minSdkVersion
		ADDED from src\main\AndroidManifest.xml:7:9-35
		INJECTED from src\main\AndroidManifest.xml
		INJECTED from src\main\AndroidManifest.xml
instrumentation
ADDED from src\main\AndroidManifest.xml:10:5-13:60
	android:label
		ADDED from src\main\AndroidManifest.xml:12:9-66
	android:targetPackage
		ADDED from src\main\AndroidManifest.xml:13:9-57
	android:name
		ADDED from src\main\AndroidManifest.xml:11:9-62
uses-permission#android.permission.RECORD_AUDIO
ADDED from src\main\AndroidManifest.xml:15:5-71
	android:name
		ADDED from src\main\AndroidManifest.xml:15:22-68
uses-permission#android.permission.ACCESS_NETWORK_STATE
ADDED from src\main\AndroidManifest.xml:16:5-79
	android:name
		ADDED from src\main\AndroidManifest.xml:16:22-76
uses-permission#android.permission.INTERNET
ADDED from src\main\AndroidManifest.xml:17:5-67
	android:name
		ADDED from src\main\AndroidManifest.xml:17:22-64
uses-permission#android.permission.READ_PHONE_STATE
ADDED from src\main\AndroidManifest.xml:18:5-75
	android:name
		ADDED from src\main\AndroidManifest.xml:18:22-72
uses-permission#android.permission.WRITE_EXTERNAL_STORAGE
ADDED from src\main\AndroidManifest.xml:19:5-81
	android:name
		ADDED from src\main\AndroidManifest.xml:19:22-78
application
ADDED from src\main\AndroidManifest.xml:21:5-210:19
MERGED from [com.android.support:appcompat-v7:25.3.1] AndroidManifest.xml:29:5-20
MERGED from [com.android.support:support-v4:25.3.1] AndroidManifest.xml:29:5-20
MERGED from [com.android.support:support-fragment:25.3.1] AndroidManifest.xml:29:5-20
MERGED from [com.android.support:support-media-compat:25.3.1] AndroidManifest.xml:29:5-20
MERGED from [com.android.support:support-core-ui:25.3.1] AndroidManifest.xml:29:5-20
MERGED from [com.android.support:support-core-utils:25.3.1] AndroidManifest.xml:29:5-20
MERGED from [com.android.support:animated-vector-drawable:25.3.1] AndroidManifest.xml:26:5-20
MERGED from [com.android.support:support-vector-drawable:25.3.1] AndroidManifest.xml:26:5-20
MERGED from [com.android.support:support-compat:25.3.1] AndroidManifest.xml:29:5-20
	android:label
		ADDED from src\main\AndroidManifest.xml:24:9-41
	android:icon
		ADDED from src\main\AndroidManifest.xml:23:9-46
	android:theme
		ADDED from src\main\AndroidManifest.xml:25:9-47
	android:name
		ADDED from src\main\AndroidManifest.xml:22:9-84
meta-data#com.baidu.speech.APP_ID
ADDED from src\main\AndroidManifest.xml:41:9-43:40
	android:value
		ADDED from src\main\AndroidManifest.xml:43:13-37
	android:name
		ADDED from src\main\AndroidManifest.xml:42:13-51
meta-data#com.baidu.speech.API_KEY
ADDED from src\main\AndroidManifest.xml:44:9-46:56
	android:value
		ADDED from src\main\AndroidManifest.xml:46:13-53
	android:name
		ADDED from src\main\AndroidManifest.xml:45:13-52
meta-data#com.baidu.speech.SECRET_KEY
ADDED from src\main\AndroidManifest.xml:47:9-49:64
	android:value
		ADDED from src\main\AndroidManifest.xml:49:13-61
	android:name
		ADDED from src\main\AndroidManifest.xml:48:13-55
service#com.baidu.speech.VoiceRecognitionService
ADDED from src\main\AndroidManifest.xml:51:9-53:40
	android:exported
		ADDED from src\main\AndroidManifest.xml:53:13-37
	android:name
		ADDED from src\main\AndroidManifest.xml:52:13-68
activity#com.baidu.android.voicedemo.activity.ActivityMain
ADDED from src\main\AndroidManifest.xml:55:9-64:20
	android:screenOrientation
		ADDED from src\main\AndroidManifest.xml:58:13-49
	android:configChanges
		ADDED from src\main\AndroidManifest.xml:57:13-76
	android:theme
		ADDED from src\main\AndroidManifest.xml:59:13-69
	android:name
		ADDED from src\main\AndroidManifest.xml:56:13-77
intent-filter#android.intent.action.MAIN
ADDED from src\main\AndroidManifest.xml:60:13-63:29
action#android.intent.action.MAIN
ADDED from src\main\AndroidManifest.xml:61:17-69
	android:name
		ADDED from src\main\AndroidManifest.xml:61:25-66
activity#com.baidu.android.voicedemo.activity.ActivityOnline
ADDED from src\main\AndroidManifest.xml:65:9-74:20
	android:screenOrientation
		ADDED from src\main\AndroidManifest.xml:69:13-49
	android:label
		ADDED from src\main\AndroidManifest.xml:68:13-33
	android:configChanges
		ADDED from src\main\AndroidManifest.xml:67:13-76
	android:name
		ADDED from src\main\AndroidManifest.xml:66:13-79
intent-filter#android.intent.action.MAIN+com.baidu.speech.recognizerdemo.intent.category.SAMPLE_CODE
ADDED from src\main\AndroidManifest.xml:70:13-73:29
category#com.baidu.speech.recognizerdemo.intent.category.SAMPLE_CODE
ADDED from src\main\AndroidManifest.xml:72:17-104
	android:name
		ADDED from src\main\AndroidManifest.xml:72:27-101
activity#com.baidu.android.voicedemo.activity.ActivityOffline
ADDED from src\main\AndroidManifest.xml:75:9-84:20
	android:screenOrientation
		ADDED from src\main\AndroidManifest.xml:79:13-49
	android:label
		ADDED from src\main\AndroidManifest.xml:78:13-34
	android:configChanges
		ADDED from src\main\AndroidManifest.xml:77:13-76
	android:name
		ADDED from src\main\AndroidManifest.xml:76:13-80
activity#com.baidu.android.voicedemo.activity.ActivityNlu
ADDED from src\main\AndroidManifest.xml:85:9-94:20
	android:screenOrientation
		ADDED from src\main\AndroidManifest.xml:89:13-49
	android:label
		ADDED from src\main\AndroidManifest.xml:88:13-40
	android:configChanges
		ADDED from src\main\AndroidManifest.xml:87:13-76
	android:name
		ADDED from src\main\AndroidManifest.xml:86:13-76
activity#com.baidu.android.voicedemo.activity.ActivityAllRecog
ADDED from src\main\AndroidManifest.xml:95:9-104:20
	android:screenOrientation
		ADDED from src\main\AndroidManifest.xml:99:13-49
	android:label
		ADDED from src\main\AndroidManifest.xml:98:13-35
	android:configChanges
		ADDED from src\main\AndroidManifest.xml:97:13-76
	android:name
		ADDED from src\main\AndroidManifest.xml:96:13-81
activity#com.baidu.android.voicedemo.activity.ActivityWakeUp
ADDED from src\main\AndroidManifest.xml:105:9-114:20
	android:screenOrientation
		ADDED from src\main\AndroidManifest.xml:109:13-49
	android:label
		ADDED from src\main\AndroidManifest.xml:108:13-32
	android:configChanges
		ADDED from src\main\AndroidManifest.xml:107:13-76
	android:name
		ADDED from src\main\AndroidManifest.xml:106:13-79
activity#com.baidu.android.voicedemo.activity.ActivityWakeUpRecog
ADDED from src\main\AndroidManifest.xml:115:9-124:20
	android:screenOrientation
		ADDED from src\main\AndroidManifest.xml:119:13-49
	android:label
		ADDED from src\main\AndroidManifest.xml:118:13-34
	android:configChanges
		ADDED from src\main\AndroidManifest.xml:117:13-76
	android:name
		ADDED from src\main\AndroidManifest.xml:116:13-84
activity#com.baidu.android.voicedemo.activity.mini.ActivityMiniRecog
ADDED from src\main\AndroidManifest.xml:125:9-134:20
	android:screenOrientation
		ADDED from src\main\AndroidManifest.xml:129:13-49
	android:label
		ADDED from src\main\AndroidManifest.xml:128:13-34
	android:configChanges
		ADDED from src\main\AndroidManifest.xml:127:13-76
	android:name
		ADDED from src\main\AndroidManifest.xml:126:13-87
activity#com.baidu.android.voicedemo.activity.ActivityUiDialog
ADDED from src\main\AndroidManifest.xml:135:9-144:20
	android:screenOrientation
		ADDED from src\main\AndroidManifest.xml:139:13-49
	android:label
		ADDED from src\main\AndroidManifest.xml:138:13-36
	android:configChanges
		ADDED from src\main\AndroidManifest.xml:137:13-76
	android:name
		ADDED from src\main\AndroidManifest.xml:136:13-81
activity#com.baidu.android.voicedemo.activity.mini.ActivityMiniWakeUp
ADDED from src\main\AndroidManifest.xml:145:9-154:20
	android:screenOrientation
		ADDED from src\main\AndroidManifest.xml:149:13-49
	android:label
		ADDED from src\main\AndroidManifest.xml:148:13-35
	android:configChanges
		ADDED from src\main\AndroidManifest.xml:147:13-76
	android:name
		ADDED from src\main\AndroidManifest.xml:146:13-88
activity#com.baidu.android.voicedemo.activity.mini.ActivityMiniTest
ADDED from src\main\AndroidManifest.xml:155:9-164:20
	android:screenOrientation
		ADDED from src\main\AndroidManifest.xml:159:13-49
	android:label
		ADDED from src\main\AndroidManifest.xml:158:13-39
	android:configChanges
		ADDED from src\main\AndroidManifest.xml:157:13-76
	android:name
		ADDED from src\main\AndroidManifest.xml:156:13-86
activity#com.baidu.voicerecognition.android.ui.BaiduASRDigitalDialog
ADDED from src\main\AndroidManifest.xml:165:9-175:20
	android:screenOrientation
		ADDED from src\main\AndroidManifest.xml:169:13-49
	android:exported
		ADDED from src\main\AndroidManifest.xml:168:13-37
	android:configChanges
		ADDED from src\main\AndroidManifest.xml:167:13-76
	android:theme
		ADDED from src\main\AndroidManifest.xml:170:13-56
	android:name
		ADDED from src\main\AndroidManifest.xml:166:13-87
intent-filter#android.intent.category.DEFAULT+com.baidu.action.RECOGNIZE_SPEECH
ADDED from src\main\AndroidManifest.xml:171:13-174:29
action#com.baidu.action.RECOGNIZE_SPEECH
ADDED from src\main\AndroidManifest.xml:172:17-76
	android:name
		ADDED from src\main\AndroidManifest.xml:172:25-73
category#android.intent.category.DEFAULT
ADDED from src\main\AndroidManifest.xml:173:17-76
	android:name
		ADDED from src\main\AndroidManifest.xml:173:27-73
activity#com.baidu.android.voicedemo.activity.setting.OnlineSetting
ADDED from src\main\AndroidManifest.xml:176:9-181:81
	android:screenOrientation
		ADDED from src\main\AndroidManifest.xml:180:13-49
	android:label
		ADDED from src\main\AndroidManifest.xml:179:13-35
	android:configChanges
		ADDED from src\main\AndroidManifest.xml:178:13-76
	android:theme
		ADDED from src\main\AndroidManifest.xml:181:13-69
	android:name
		ADDED from src\main\AndroidManifest.xml:177:13-86
activity#com.baidu.android.voicedemo.activity.setting.OfflineSetting
ADDED from src\main\AndroidManifest.xml:182:9-187:81
	android:screenOrientation
		ADDED from src\main\AndroidManifest.xml:186:13-49
	android:label
		ADDED from src\main\AndroidManifest.xml:185:13-36
	android:configChanges
		ADDED from src\main\AndroidManifest.xml:184:13-76
	android:theme
		ADDED from src\main\AndroidManifest.xml:187:13-69
	android:name
		ADDED from src\main\AndroidManifest.xml:183:13-87
activity#com.baidu.android.voicedemo.activity.setting.NluSetting
ADDED from src\main\AndroidManifest.xml:188:9-193:81
	android:screenOrientation
		ADDED from src\main\AndroidManifest.xml:192:13-49
	android:label
		ADDED from src\main\AndroidManifest.xml:191:13-33
	android:configChanges
		ADDED from src\main\AndroidManifest.xml:190:13-76
	android:theme
		ADDED from src\main\AndroidManifest.xml:193:13-69
	android:name
		ADDED from src\main\AndroidManifest.xml:189:13-83
activity#com.baidu.android.voicedemo.activity.setting.AllSetting
ADDED from src\main\AndroidManifest.xml:194:9-199:81
	android:screenOrientation
		ADDED from src\main\AndroidManifest.xml:198:13-49
	android:label
		ADDED from src\main\AndroidManifest.xml:197:13-35
	android:configChanges
		ADDED from src\main\AndroidManifest.xml:196:13-76
	android:theme
		ADDED from src\main\AndroidManifest.xml:199:13-69
	android:name
		ADDED from src\main\AndroidManifest.xml:195:13-83
activity#com.baidu.android.voicedemo.activity.MyActivity
ADDED from src\main\AndroidManifest.xml:200:9-209:20
	android:label
		ADDED from src\main\AndroidManifest.xml:202:13-33
	android:name
		ADDED from src\main\AndroidManifest.xml:201:13-75
intent-filter#android.intent.action.MAIN+android.intent.category.LAUNCHER+com.baidu.speech.recognizerdemo.intent.category.SAMPLE_CODE
ADDED from src\main\AndroidManifest.xml:203:13-208:29
category#android.intent.category.LAUNCHER
ADDED from src\main\AndroidManifest.xml:206:17-77
	android:name
		ADDED from src\main\AndroidManifest.xml:206:27-74
meta-data#android.support.VERSION
ADDED from [com.android.support:appcompat-v7:25.3.1] AndroidManifest.xml:25:5-27:34
MERGED from [com.android.support:support-v4:25.3.1] AndroidManifest.xml:25:5-27:34
MERGED from [com.android.support:support-fragment:25.3.1] AndroidManifest.xml:25:5-27:34
MERGED from [com.android.support:support-media-compat:25.3.1] AndroidManifest.xml:25:5-27:34
MERGED from [com.android.support:support-core-ui:25.3.1] AndroidManifest.xml:25:5-27:34
MERGED from [com.android.support:support-core-utils:25.3.1] AndroidManifest.xml:25:5-27:34
MERGED from [com.android.support:animated-vector-drawable:25.3.1] AndroidManifest.xml:22:5-24:34
MERGED from [com.android.support:support-vector-drawable:25.3.1] AndroidManifest.xml:22:5-24:34
MERGED from [com.android.support:support-compat:25.3.1] AndroidManifest.xml:25:5-27:34
	android:value
		ADDED from [com.android.support:appcompat-v7:25.3.1] AndroidManifest.xml:27:9-31
	android:name
		ADDED from [com.android.support:appcompat-v7:25.3.1] AndroidManifest.xml:26:9-47